<?xml version="1.0" encoding="UTF-8"?>
<testng-results ignored="0" total="1" passed="1" failed="0" skipped="0">
  <reporter-output>
  </reporter-output>
  <suite started-at="2024-08-07T18:28:30 EEST" name="Surefire suite" finished-at="2024-08-07T18:28:35 EEST" duration-ms="4332">
    <groups>
    </groups>
    <test started-at="2024-08-07T18:28:30 EEST" name="Surefire test" finished-at="2024-08-07T18:28:35 EEST" duration-ms="4332">
      <class name="com.packt.tests.verifyDisclaimer">
        <test-method signature="verifyDisclaimer()[pri:0, instance:com.packt.tests.verifyDisclaimer@78e94dcf]" started-at="2024-08-07T18:28:30 EEST" name="verifyDisclaimer" finished-at="2024-08-07T18:28:35 EEST" duration-ms="4308" status="PASS">
          <reporter-output>
          </reporter-output>
        </test-method> <!-- verifyDisclaimer -->
      </class> <!-- com.packt.tests.verifyDisclaimer -->
    </test> <!-- Surefire test -->
  </suite> <!-- Surefire suite -->
</testng-results>
